Determining if the pthread_create exist failed with the following output:
Change Dir: /home/lutkus/eece-5554/final_project/visualization/catkin_ws/build/CMakeFiles/CMakeTmp

Run Build Command:"/usr/bin/make" "cmTC_ce90e/fast"
/usr/bin/make -f CMakeFiles/cmTC_ce90e.dir/build.make CMakeFiles/cmTC_ce90e.dir/build
make[1]: Entering directory '/home/lutkus/eece-5554/final_project/visualization/catkin_ws/build/CMakeFiles/CMakeTmp'
Building C object CMakeFiles/cmTC_ce90e.dir/CheckSymbolExists.c.o
/usr/bin/cc     -o CMakeFiles/cmTC_ce90e.dir/CheckSymbolExists.c.o   -c /home/lutkus/eece-5554/final_project/visualization/catkin_ws/build/CMakeFiles/CMakeTmp/CheckSymbolExists.c
Linking C executable cmTC_ce90e
/usr/bin/cmake -E cmake_link_script CMakeFiles/cmTC_ce90e.dir/link.txt --verbose=1
/usr/bin/cc       CMakeFiles/cmTC_ce90e.dir/CheckSymbolExists.c.o  -o cmTC_ce90e -rdynamic 
CMakeFiles/cmTC_ce90e.dir/CheckSymbolExists.c.o: In function `main':
CheckSymbolExists.c:(.text+0x16): undefined reference to `pthread_create'
collect2: error: ld returned 1 exit status
CMakeFiles/cmTC_ce90e.dir/build.make:97: recipe for target 'cmTC_ce90e' failed
make[1]: *** [cmTC_ce90e] Error 1
make[1]: Leaving directory '/home/lutkus/eece-5554/final_project/visualization/catkin_ws/build/CMakeFiles/CMakeTmp'
Makefile:126: recipe for target 'cmTC_ce90e/fast' failed
make: *** [cmTC_ce90e/fast] Error 2

File /home/lutkus/eece-5554/final_project/visualization/catkin_ws/build/CMakeFiles/CMakeTmp/CheckSymbolExists.c:
/* */
#include <pthread.h>

int main(int argc, char** argv)
{
  (void)argv;
#ifndef pthread_create
  return ((int*)(&pthread_create))[argc];
#else
  (void)argc;
  return 0;
#endif
}

Determining if the function pthread_create exists in the pthreads failed with the following output:
Change Dir: /home/lutkus/eece-5554/final_project/visualization/catkin_ws/build/CMakeFiles/CMakeTmp

Run Build Command:"/usr/bin/make" "cmTC_aa17b/fast"
/usr/bin/make -f CMakeFiles/cmTC_aa17b.dir/build.make CMakeFiles/cmTC_aa17b.dir/build
make[1]: Entering directory '/home/lutkus/eece-5554/final_project/visualization/catkin_ws/build/CMakeFiles/CMakeTmp'
Building C object CMakeFiles/cmTC_aa17b.dir/CheckFunctionExists.c.o
/usr/bin/cc    -DCHECK_FUNCTION_EXISTS=pthread_create   -o CMakeFiles/cmTC_aa17b.dir/CheckFunctionExists.c.o   -c /usr/share/cmake-3.5/Modules/CheckFunctionExists.c
Linking C executable cmTC_aa17b
/usr/bin/cmake -E cmake_link_script CMakeFiles/cmTC_aa17b.dir/link.txt --verbose=1
/usr/bin/cc   -DCHECK_FUNCTION_EXISTS=pthread_create    CMakeFiles/cmTC_aa17b.dir/CheckFunctionExists.c.o  -o cmTC_aa17b -rdynamic -lpthreads 
/usr/bin/ld: cannot find -lpthreads
collect2: error: ld returned 1 exit status
CMakeFiles/cmTC_aa17b.dir/build.make:97: recipe for target 'cmTC_aa17b' failed
make[1]: *** [cmTC_aa17b] Error 1
make[1]: Leaving directory '/home/lutkus/eece-5554/final_project/visualization/catkin_ws/build/CMakeFiles/CMakeTmp'
Makefile:126: recipe for target 'cmTC_aa17b/fast' failed
make: *** [cmTC_aa17b/fast] Error 2


